# JRE version: OpenJDK Runtime Environment Temurin-21.0.8+9 (21.0.8+9) (build 21.0.8+9-LTS)
# Java VM: OpenJDK 64-Bit Server VM Temurin-21.0.8+9 (21.0.8+9-LTS, mixed mode, sharing, tiered, compressed oops, compressed class ptrs, parallel gc, windows-amd64)
GC Precious Log:
 CardTable entry size: 512
 CPUs: 4 total, 4 available
 Memory: 16281M
 Large Page Support: Disabled
 NUMA Support: Disabled
 Compressed Oops: Enabled (32-bit)
 Alignments: Space 512K, Generation 512K, Heap 2M
 Heap Min Capacity: 100M
 Heap Initial Capacity: 100M
 Heap Max Capacity: 2G
 Pre-touch: Disabled
 Parallel Workers: 4
Heap:
 PSYoungGen      total 2048K, used 1571K [0x00000000d5580000, 0x00000000d5880000, 0x0000000100000000)
  eden space 1536K, 81% used [0x00000000d5580000,0x00000000d56b8c48,0x00000000d5700000)
  from space 512K, 62% used [0x00000000d5700000,0x00000000d5750000,0x00000000d5780000)
  to   space 512K, 0% used [0x00000000d5800000,0x00000000d5800000,0x00000000d5880000)
 ParOldGen       total 129536K, used 121586K [0x0000000080000000, 0x0000000087e80000, 0x00000000d5580000)
  object space 129536K, 93% used [0x0000000080000000,0x00000000876bc800,0x0000000087e80000)
 Metaspace       used 77318K, committed 78976K, reserved 1179648K
  class space    used 8054K, committed 8832K, reserved 1048576K
GC Heap History (20 events):
Event: 46.123 GC heap before
{Heap before GC invocations=329 (full 5):
 PSYoungGen      total 2048K, used 1792K [0x00000000d5580000, 0x00000000d5880000, 0x0000000100000000)
  eden space 1536K, 100% used [0x00000000d5580000,0x00000000d5700000,0x00000000d5700000)
  from space 512K, 50% used [0x00000000d5700000,0x00000000d5740000,0x00000000d5780000)
  to   space 512K, 0% used [0x00000000d5800000,0x00000000d5800000,0x00000000d5880000)
 ParOldGen       total 129536K, used 120972K [0x0000000080000000, 0x0000000087e80000, 0x00000000d5580000)
  object space 129536K, 93% used [0x0000000080000000,0x00000000876233c0,0x0000000087e80000)
 Metaspace       used 76643K, committed 78272K, reserved 1179648K
  class space    used 8003K, committed 8704K, reserved 1048576K
}
Event: 46.124 GC heap after
{Heap after GC invocations=329 (full 5):
 PSYoungGen      total 2048K, used 128K [0x00000000d5580000, 0x00000000d5880000, 0x0000000100000000)
  eden space 1536K, 0% used [0x00000000d5580000,0x00000000d5580000,0x00000000d5700000)
  from space 512K, 25% used [0x00000000d5800000,0x00000000d5820000,0x00000000d5880000)
  to   space 512K, 0% used [0x00000000d5700000,0x00000000d5700000,0x00000000d5780000)
 ParOldGen       total 129536K, used 121156K [0x0000000080000000, 0x0000000087e80000, 0x00000000d5580000)
  object space 129536K, 93% used [0x0000000080000000,0x00000000876513c0,0x0000000087e80000)
 Metaspace       used 76643K, committed 78272K, reserved 1179648K
  class space    used 8003K, committed 8704K, reserved 1048576K
}
Event: 46.235 GC heap before
{Heap before GC invocations=330 (full 5):
 PSYoungGen      total 2048K, used 1664K [0x00000000d5580000, 0x00000000d5880000, 0x0000000100000000)
  eden space 1536K, 100% used [0x00000000d5580000,0x00000000d5700000,0x00000000d5700000)
  from space 512K, 25% used [0x00000000d5800000,0x00000000d5820000,0x00000000d5880000)
  to   space 512K, 0% used [0x00000000d5700000,0x00000000d5700000,0x00000000d5780000)
 ParOldGen       total 129536K, used 121156K [0x0000000080000000, 0x0000000087e80000, 0x00000000d5580000)
  object space 129536K, 93% used [0x0000000080000000,0x00000000876513c0,0x0000000087e80000)
 Metaspace       used 76760K, committed 78336K, reserved 1179648K
  class space    used 8018K, committed 8704K, reserved 1048576K
}
Event: 46.236 GC heap after
{Heap after GC invocations=330 (full 5):
 PSYoungGen      total 2048K, used 224K [0x00000000d5580000, 0x00000000d5880000, 0x0000000100000000)
  eden space 1536K, 0% used [0x00000000d5580000,0x00000000d5580000,0x00000000d5700000)
  from space 512K, 43% used [0x00000000d5700000,0x00000000d5738000,0x00000000d5780000)
  to   space 512K, 0% used [0x00000000d5800000,0x00000000d5800000,0x00000000d5880000)
 ParOldGen       total 129536K, used 121212K [0x0000000080000000, 0x0000000087e80000, 0x00000000d5580000)
  object space 129536K, 93% used [0x0000000080000000,0x000000008765f3c0,0x0000000087e80000)
 Metaspace       used 76760K, committed 78336K, reserved 1179648K
  class space    used 8018K, committed 8704K, reserved 1048576K
}
Event: 46.304 GC heap before
{Heap before GC invocations=331 (full 5):
 PSYoungGen      total 2048K, used 1760K [0x00000000d5580000, 0x00000000d5880000, 0x0000000100000000)
  eden space 1536K, 100% used [0x00000000d5580000,0x00000000d5700000,0x00000000d5700000)
  from space 512K, 43% used [0x00000000d5700000,0x00000000d5738000,0x00000000d5780000)
  to   space 512K, 0% used [0x00000000d5800000,0x00000000d5800000,0x00000000d5880000)
 ParOldGen       total 129536K, used 121212K [0x0000000080000000, 0x0000000087e80000, 0x00000000d5580000)
  object space 129536K, 93% used [0x0000000080000000,0x000000008765f3c0,0x0000000087e80000)
 Metaspace       used 76917K, committed 78464K, reserved 1179648K
  class space    used 8027K, committed 8704K, reserved 1048576K
}
Event: 46.305 GC heap after
{Heap after GC invocations=331 (full 5):
 PSYoungGen      total 2048K, used 165K [0x00000000d5580000, 0x00000000d5880000, 0x0000000100000000)
  eden space 1536K, 0% used [0x00000000d5580000,0x00000000d5580000,0x00000000d5700000)
  from space 512K, 32% used [0x00000000d5800000,0x00000000d5829420,0x00000000d5880000)
  to   space 512K, 0% used [0x00000000d5700000,0x00000000d5700000,0x00000000d5780000)
 ParOldGen       total 129536K, used 121340K [0x0000000080000000, 0x0000000087e80000, 0x00000000d5580000)
  object space 129536K, 93% used [0x0000000080000000,0x000000008767f3c0,0x0000000087e80000)
 Metaspace       used 76917K, committed 78464K, reserved 1179648K
  class space    used 8027K, committed 8704K, reserved 1048576K
}
Event: 46.372 GC heap before
{Heap before GC invocations=332 (full 5):
 PSYoungGen      total 2048K, used 1701K [0x00000000d5580000, 0x00000000d5880000, 0x0000000100000000)
  eden space 1536K, 100% used [0x00000000d5580000,0x00000000d5700000,0x00000000d5700000)
  from space 512K, 32% used [0x00000000d5800000,0x00000000d5829420,0x00000000d5880000)
  to   space 512K, 0% used [0x00000000d5700000,0x00000000d5700000,0x00000000d5780000)
 ParOldGen       total 129536K, used 121340K [0x0000000080000000, 0x0000000087e80000, 0x00000000d5580000)
  object space 129536K, 93% used [0x0000000080000000,0x000000008767f3c0,0x0000000087e80000)
 Metaspace       used 77115K, committed 78720K, reserved 1179648K
  class space    used 8045K, committed 8768K, reserved 1048576K
}
Event: 46.373 GC heap after
{Heap after GC invocations=332 (full 5):
 PSYoungGen      total 2048K, used 160K [0x00000000d5580000, 0x00000000d5880000, 0x0000000100000000)
  eden space 1536K, 0% used [0x00000000d5580000,0x00000000d5580000,0x00000000d5700000)
  from space 512K, 31% used [0x00000000d5700000,0x00000000d5728020,0x00000000d5780000)
  to   space 512K, 0% used [0x00000000d5800000,0x00000000d5800000,0x00000000d5880000)
 ParOldGen       total 129536K, used 121457K [0x0000000080000000, 0x0000000087e80000, 0x00000000d5580000)
  object space 129536K, 93% used [0x0000000080000000,0x000000008769c7f0,0x0000000087e80000)
 Metaspace       used 77115K, committed 78720K, reserved 1179648K
  class space    used 8045K, committed 8768K, reserved 1048576K
}
Event: 46.450 GC heap before
{Heap before GC invocations=333 (full 5):
 PSYoungGen      total 2048K, used 1696K [0x00000000d5580000, 0x00000000d5880000, 0x0000000100000000)
  eden space 1536K, 100% used [0x00000000d5580000,0x00000000d5700000,0x00000000d5700000)
  from space 512K, 31% used [0x00000000d5700000,0x00000000d5728020,0x00000000d5780000)
  to   space 512K, 0% used [0x00000000d5800000,0x00000000d5800000,0x00000000d5880000)
 ParOldGen       total 129536K, used 121457K [0x0000000080000000, 0x0000000087e80000, 0x00000000d5580000)
  object space 129536K, 93% used [0x0000000080000000,0x000000008769c7f0,0x0000000087e80000)
 Metaspace       used 77174K, committed 78784K, reserved 1179648K
  class space    used 8050K, committed 8768K, reserved 1048576K
}
Event: 46.452 GC heap after
{Heap after GC invocations=333 (full 5):
 PSYoungGen      total 2048K, used 160K [0x00000000d5580000, 0x00000000d5880000, 0x0000000100000000)
  eden space 1536K, 0% used [0x00000000d5580000,0x00000000d5580000,0x00000000d5700000)
  from space 512K, 31% used [0x00000000d5800000,0x00000000d5828000,0x00000000d5880000)
  to   space 512K, 0% used [0x00000000d5700000,0x00000000d5700000,0x00000000d5780000)
 ParOldGen       total 129536K, used 121513K [0x0000000080000000, 0x0000000087e80000, 0x00000000d5580000)
  object space 129536K, 93% used [0x0000000080000000,0x00000000876aa7f0,0x0000000087e80000)
 Metaspace       used 77174K, committed 78784K, reserved 1179648K
  class space    used 8050K, committed 8768K, reserved 1048576K
}
Event: 46.651 GC heap before
{Heap before GC invocations=334 (full 5):
 PSYoungGen      total 2048K, used 1696K [0x00000000d5580000, 0x00000000d5880000, 0x0000000100000000)
  eden space 1536K, 100% used [0x00000000d5580000,0x00000000d5700000,0x00000000d5700000)
  from space 512K, 31% used [0x00000000d5800000,0x00000000d5828000,0x00000000d5880000)
  to   space 512K, 0% used [0x00000000d5700000,0x00000000d5700000,0x00000000d5780000)
 ParOldGen       total 129536K, used 121513K [0x0000000080000000, 0x0000000087e80000, 0x00000000d5580000)
  object space 129536K, 93% used [0x0000000080000000,0x00000000876aa7f0,0x0000000087e80000)
 Metaspace       used 77201K, committed 78784K, reserved 1179648K
  class space    used 8052K, committed 8768K, reserved 1048576K
}
Event: 46.653 GC heap after
{Heap after GC invocations=334 (full 5):
 PSYoungGen      total 2048K, used 160K [0x00000000d5580000, 0x00000000d5880000, 0x0000000100000000)
  eden space 1536K, 0% used [0x00000000d5580000,0x00000000d5580000,0x00000000d5700000)
  from space 512K, 31% used [0x00000000d5700000,0x00000000d5728000,0x00000000d5780000)
  to   space 512K, 0% used [0x00000000d5800000,0x00000000d5800000,0x00000000d5880000)
 ParOldGen       total 129536K, used 121570K [0x0000000080000000, 0x0000000087e80000, 0x00000000d5580000)
  object space 129536K, 93% used [0x0000000080000000,0x00000000876b8800,0x0000000087e80000)
 Metaspace       used 77201K, committed 78784K, reserved 1179648K
  class space    used 8052K, committed 8768K, reserved 1048576K
}
Event: 47.025 GC heap before
{Heap before GC invocations=335 (full 5):
 PSYoungGen      total 2048K, used 1696K [0x00000000d5580000, 0x00000000d5880000, 0x0000000100000000)
  eden space 1536K, 100% used [0x00000000d5580000,0x00000000d5700000,0x00000000d5700000)
  from space 512K, 31% used [0x00000000d5700000,0x00000000d5728000,0x00000000d5780000)
  to   space 512K, 0% used [0x00000000d5800000,0x00000000d5800000,0x00000000d5880000)
 ParOldGen       total 129536K, used 121570K [0x0000000080000000, 0x0000000087e80000, 0x00000000d5580000)
  object space 129536K, 93% used [0x0000000080000000,0x00000000876b8800,0x0000000087e80000)
 Metaspace       used 77220K, committed 78848K, reserved 1179648K
  class space    used 8052K, committed 8768K, reserved 1048576K
}
Event: 47.026 GC heap after
{Heap after GC invocations=335 (full 5):
 PSYoungGen      total 2048K, used 224K [0x00000000d5580000, 0x00000000d5880000, 0x0000000100000000)
  eden space 1536K, 0% used [0x00000000d5580000,0x00000000d5580000,0x00000000d5700000)
  from space 512K, 43% used [0x00000000d5800000,0x00000000d5838000,0x00000000d5880000)
  to   space 512K, 0% used [0x00000000d5700000,0x00000000d5700000,0x00000000d5780000)
 ParOldGen       total 129536K, used 121578K [0x0000000080000000, 0x0000000087e80000, 0x00000000d5580000)
  object space 129536K, 93% used [0x0000000080000000,0x00000000876ba800,0x0000000087e80000)
 Metaspace       used 77220K, committed 78848K, reserved 1179648K
  class space    used 8052K, committed 8768K, reserved 1048576K
}
Event: 47.361 GC heap before
{Heap before GC invocations=336 (full 5):
 PSYoungGen      total 2048K, used 1758K [0x00000000d5580000, 0x00000000d5880000, 0x0000000100000000)
  eden space 1536K, 99% used [0x00000000d5580000,0x00000000d56ffa38,0x00000000d5700000)
  from space 512K, 43% used [0x00000000d5800000,0x00000000d5838000,0x00000000d5880000)
  to   space 512K, 0% used [0x00000000d5700000,0x00000000d5700000,0x00000000d5780000)
 ParOldGen       total 129536K, used 121578K [0x0000000080000000, 0x0000000087e80000, 0x00000000d5580000)
  object space 129536K, 93% used [0x0000000080000000,0x00000000876ba800,0x0000000087e80000)
 Metaspace       used 77239K, committed 78912K, reserved 1179648K
  class space    used 8053K, committed 8832K, reserved 1048576K
}
Event: 47.363 GC heap after
{Heap after GC invocations=336 (full 5):
 PSYoungGen      total 2048K, used 256K [0x00000000d5580000, 0x00000000d5880000, 0x0000000100000000)
  eden space 1536K, 0% used [0x00000000d5580000,0x00000000d5580000,0x00000000d5700000)
  from space 512K, 50% used [0x00000000d5700000,0x00000000d5740000,0x00000000d5780000)
  to   space 512K, 0% used [0x00000000d5800000,0x00000000d5800000,0x00000000d5880000)
 ParOldGen       total 129536K, used 121578K [0x0000000080000000, 0x0000000087e80000, 0x00000000d5580000)
  object space 129536K, 93% used [0x0000000080000000,0x00000000876ba800,0x0000000087e80000)
 Metaspace       used 77239K, committed 78912K, reserved 1179648K
  class space    used 8053K, committed 8832K, reserved 1048576K
}
Event: 47.522 GC heap before
{Heap before GC invocations=337 (full 5):
 PSYoungGen      total 2048K, used 1792K [0x00000000d5580000, 0x00000000d5880000, 0x0000000100000000)
  eden space 1536K, 100% used [0x00000000d5580000,0x00000000d5700000,0x00000000d5700000)
  from space 512K, 50% used [0x00000000d5700000,0x00000000d5740000,0x00000000d5780000)
  to   space 512K, 0% used [0x00000000d5800000,0x00000000d5800000,0x00000000d5880000)
 ParOldGen       total 129536K, used 121578K [0x0000000080000000, 0x0000000087e80000, 0x00000000d5580000)
  object space 129536K, 93% used [0x0000000080000000,0x00000000876ba800,0x0000000087e80000)
 Metaspace       used 77266K, committed 78912K, reserved 1179648K
  class space    used 8053K, committed 8832K, reserved 1048576K
}
Event: 47.524 GC heap after
{Heap after GC invocations=337 (full 5):
 PSYoungGen      total 2048K, used 320K [0x00000000d5580000, 0x00000000d5880000, 0x0000000100000000)
  eden space 1536K, 0% used [0x00000000d5580000,0x00000000d5580000,0x00000000d5700000)
  from space 512K, 62% used [0x00000000d5800000,0x00000000d5850000,0x00000000d5880000)
  to   space 512K, 0% used [0x00000000d5700000,0x00000000d5700000,0x00000000d5780000)
 ParOldGen       total 129536K, used 121586K [0x0000000080000000, 0x0000000087e80000, 0x00000000d5580000)
  object space 129536K, 93% used [0x0000000080000000,0x00000000876bc800,0x0000000087e80000)
 Metaspace       used 77266K, committed 78912K, reserved 1179648K
  class space    used 8053K, committed 8832K, reserved 1048576K
}
Event: 47.893 GC heap before
{Heap before GC invocations=338 (full 5):
 PSYoungGen      total 2048K, used 1855K [0x00000000d5580000, 0x00000000d5880000, 0x0000000100000000)
  eden space 1536K, 99% used [0x00000000d5580000,0x00000000d56fffc0,0x00000000d5700000)
  from space 512K, 62% used [0x00000000d5800000,0x00000000d5850000,0x00000000d5880000)
  to   space 512K, 0% used [0x00000000d5700000,0x00000000d5700000,0x00000000d5780000)
 ParOldGen       total 129536K, used 121586K [0x0000000080000000, 0x0000000087e80000, 0x00000000d5580000)
  object space 129536K, 93% used [0x0000000080000000,0x00000000876bc800,0x0000000087e80000)
 Metaspace       used 77298K, committed 78912K, reserved 1179648K
  class space    used 8054K, committed 8832K, reserved 1048576K
}
Event: 47.895 GC heap after
{Heap after GC invocations=338 (full 5):
 PSYoungGen      total 2048K, used 320K [0x00000000d5580000, 0x00000000d5880000, 0x0000000100000000)
  eden space 1536K, 0% used [0x00000000d5580000,0x00000000d5580000,0x00000000d5700000)
  from space 512K, 62% used [0x00000000d5700000,0x00000000d5750000,0x00000000d5780000)
  to   space 512K, 0% used [0x00000000d5800000,0x00000000d5800000,0x00000000d5880000)
 ParOldGen       total 129536K, used 121586K [0x0000000080000000, 0x0000000087e80000, 0x00000000d5580000)
  object space 129536K, 93% used [0x0000000080000000,0x00000000876bc800,0x0000000087e80000)
 Metaspace       used 77298K, committed 78912K, reserved 1179648K
  class space    used 8054K, committed 8832K, reserved 1048576K
}

